{"/Users/trushalrank/Desktop/TestAssignmentTask/contexts/AuthContext.tsx": {"path":"/Users/trushalrank/Desktop/TestAssignmentTask/contexts/AuthContext.tsx","statementMap":{"0":{"start":{"line":25,"column":20},"end":{"line":25,"column":73}},"1":{"start":{"line":28,"column":26},"end":{"line":28,"column":53}},"2":{"start":{"line":29,"column":36},"end":{"line":29,"column":50}},"3":{"start":{"line":30,"column":38},"end":{"line":30,"column":53}},"4":{"start":{"line":32,"column":2},"end":{"line":34,"column":9}},"5":{"start":{"line":33,"column":4},"end":{"line":33,"column":22}},"6":{"start":{"line":36,"column":26},"end":{"line":54,"column":3}},"7":{"start":{"line":37,"column":4},"end":{"line":53,"column":5}},"8":{"start":{"line":38,"column":28},"end":{"line":38,"column":51}},"9":{"start":{"line":39,"column":6},"end":{"line":46,"column":7}},"10":{"start":{"line":40,"column":25},"end":{"line":40,"column":44}},"11":{"start":{"line":41,"column":8},"end":{"line":41,"column":26}},"12":{"start":{"line":42,"column":8},"end":{"line":42,"column":28}},"13":{"start":{"line":44,"column":8},"end":{"line":44,"column":22}},"14":{"start":{"line":45,"column":8},"end":{"line":45,"column":29}},"15":{"start":{"line":48,"column":6},"end":{"line":48,"column":58}},"16":{"start":{"line":49,"column":6},"end":{"line":49,"column":20}},"17":{"start":{"line":50,"column":6},"end":{"line":50,"column":27}},"18":{"start":{"line":52,"column":6},"end":{"line":52,"column":26}},"19":{"start":{"line":56,"column":16},"end":{"line":72,"column":3}},"20":{"start":{"line":57,"column":4},"end":{"line":71,"column":5}},"21":{"start":{"line":58,"column":21},"end":{"line":58,"column":53}},"22":{"start":{"line":59,"column":6},"end":{"line":63,"column":7}},"23":{"start":{"line":60,"column":25},"end":{"line":60,"column":44}},"24":{"start":{"line":61,"column":8},"end":{"line":61,"column":26}},"25":{"start":{"line":62,"column":8},"end":{"line":62,"column":28}},"26":{"start":{"line":64,"column":6},"end":{"line":64,"column":20}},"27":{"start":{"line":66,"column":6},"end":{"line":66,"column":50}},"28":{"start":{"line":67,"column":6},"end":{"line":70,"column":8}},"29":{"start":{"line":74,"column":25},"end":{"line":87,"column":3}},"30":{"start":{"line":75,"column":4},"end":{"line":86,"column":5}},"31":{"start":{"line":76,"column":22},"end":{"line":76,"column":55}},"32":{"start":{"line":77,"column":6},"end":{"line":81,"column":7}},"33":{"start":{"line":78,"column":25},"end":{"line":78,"column":44}},"34":{"start":{"line":79,"column":8},"end":{"line":79,"column":26}},"35":{"start":{"line":80,"column":8},"end":{"line":80,"column":28}},"36":{"start":{"line":82,"column":6},"end":{"line":82,"column":21}},"37":{"start":{"line":84,"column":6},"end":{"line":84,"column":60}},"38":{"start":{"line":85,"column":6},"end":{"line":85,"column":19}},"39":{"start":{"line":89,"column":29},"end":{"line":91,"column":3}},"40":{"start":{"line":90,"column":4},"end":{"line":90,"column":40}},"41":{"start":{"line":93,"column":17},"end":{"line":101,"column":3}},"42":{"start":{"line":94,"column":4},"end":{"line":100,"column":5}},"43":{"start":{"line":95,"column":6},"end":{"line":95,"column":25}},"44":{"start":{"line":96,"column":6},"end":{"line":96,"column":20}},"45":{"start":{"line":97,"column":6},"end":{"line":97,"column":27}},"46":{"start":{"line":99,"column":6},"end":{"line":99,"column":51}},"47":{"start":{"line":103,"column":31},"end":{"line":106,"column":3}},"48":{"start":{"line":104,"column":4},"end":{"line":104,"column":18}},"49":{"start":{"line":105,"column":4},"end":{"line":105,"column":24}},"50":{"start":{"line":108,"column":2},"end":{"line":123,"column":4}},"51":{"start":{"line":127,"column":18},"end":{"line":127,"column":41}},"52":{"start":{"line":128,"column":2},"end":{"line":130,"column":3}},"53":{"start":{"line":129,"column":4},"end":{"line":129,"column":67}},"54":{"start":{"line":131,"column":2},"end":{"line":131,"column":17}}},"fnMap":{"0":{"name":"AuthProvider","decl":{"start":{"line":27,"column":16},"end":{"line":27,"column":28}},"loc":{"start":{"line":27,"column":68},"end":{"line":124,"column":1}},"line":27},"1":{"name":"(anonymous_1)","decl":{"start":{"line":32,"column":12},"end":{"line":32,"column":13}},"loc":{"start":{"line":32,"column":18},"end":{"line":34,"column":3}},"line":32},"2":{"name":"(anonymous_2)","decl":{"start":{"line":36,"column":26},"end":{"line":36,"column":27}},"loc":{"start":{"line":36,"column":38},"end":{"line":54,"column":3}},"line":36},"3":{"name":"(anonymous_3)","decl":{"start":{"line":56,"column":16},"end":{"line":56,"column":17}},"loc":{"start":{"line":56,"column":81},"end":{"line":72,"column":3}},"line":56},"4":{"name":"(anonymous_4)","decl":{"start":{"line":74,"column":25},"end":{"line":74,"column":26}},"loc":{"start":{"line":74,"column":55},"end":{"line":87,"column":3}},"line":74},"5":{"name":"(anonymous_5)","decl":{"start":{"line":89,"column":29},"end":{"line":89,"column":30}},"loc":{"start":{"line":89,"column":59},"end":{"line":91,"column":3}},"line":89},"6":{"name":"(anonymous_6)","decl":{"start":{"line":93,"column":17},"end":{"line":93,"column":18}},"loc":{"start":{"line":93,"column":29},"end":{"line":101,"column":3}},"line":93},"7":{"name":"(anonymous_7)","decl":{"start":{"line":103,"column":31},"end":{"line":103,"column":32}},"loc":{"start":{"line":103,"column":47},"end":{"line":106,"column":3}},"line":103},"8":{"name":"useAuth","decl":{"start":{"line":126,"column":16},"end":{"line":126,"column":23}},"loc":{"start":{"line":126,"column":26},"end":{"line":132,"column":1}},"line":126}},"branchMap":{"0":{"loc":{"start":{"line":39,"column":6},"end":{"line":46,"column":7}},"type":"if","locations":[{"start":{"line":39,"column":6},"end":{"line":46,"column":7}},{"start":{"line":43,"column":13},"end":{"line":46,"column":7}}],"line":39},"1":{"loc":{"start":{"line":59,"column":6},"end":{"line":63,"column":7}},"type":"if","locations":[{"start":{"line":59,"column":6},"end":{"line":63,"column":7}},{"start":{},"end":{}}],"line":59},"2":{"loc":{"start":{"line":77,"column":6},"end":{"line":81,"column":7}},"type":"if","locations":[{"start":{"line":77,"column":6},"end":{"line":81,"column":7}},{"start":{},"end":{}}],"line":77},"3":{"loc":{"start":{"line":128,"column":2},"end":{"line":130,"column":3}},"type":"if","locations":[{"start":{"line":128,"column":2},"end":{"line":130,"column":3}},{"start":{},"end":{}}],"line":128}},"s":{"0":0,"1":0,"2":0,"3":0,"4":0,"5":0,"6":0,"7":0,"8":0,"9":0,"10":0,"11":0,"12":0,"13":0,"14":0,"15":0,"16":0,"17":0,"18":0,"19":0,"20":0,"21":0,"22":0,"23":0,"24":0,"25":0,"26":0,"27":0,"28":0,"29":0,"30":0,"31":0,"32":0,"33":0,"34":0,"35":0,"36":0,"37":0,"38":0,"39":0,"40":0,"41":0,"42":0,"43":0,"44":0,"45":0,"46":0,"47":0,"48":0,"49":0,"50":0,"51":0,"52":0,"53":0,"54":0},"f":{"0":0,"1":0,"2":0,"3":0,"4":0,"5":0,"6":0,"7":0,"8":0},"b":{"0":[0,0],"1":[0,0],"2":[0,0],"3":[0,0]}}
,"/Users/trushalrank/Desktop/TestAssignmentTask/utils/auth.ts": {"path":"/Users/trushalrank/Desktop/TestAssignmentTask/utils/auth.ts","statementMap":{"0":{"start":{"line":12,"column":17},"end":{"line":12,"column":28}},"1":{"start":{"line":13,"column":17},"end":{"line":13,"column":35}},"2":{"start":{"line":14,"column":28},"end":{"line":14,"column":51}},"3":{"start":{"line":15,"column":26},"end":{"line":15,"column":41}},"4":{"start":{"line":16,"column":28},"end":{"line":16,"column":29}},"5":{"start":{"line":17,"column":28},"end":{"line":17,"column":42}},"6":{"start":{"line":20,"column":18},"end":{"line":27,"column":1}},"7":{"start":{"line":21,"column":2},"end":{"line":26,"column":3}},"8":{"start":{"line":22,"column":4},"end":{"line":22,"column":47}},"9":{"start":{"line":24,"column":4},"end":{"line":24,"column":67}},"10":{"start":{"line":25,"column":4},"end":{"line":25,"column":16}},"11":{"start":{"line":29,"column":18},"end":{"line":36,"column":1}},"12":{"start":{"line":30,"column":2},"end":{"line":35,"column":3}},"13":{"start":{"line":31,"column":4},"end":{"line":31,"column":47}},"14":{"start":{"line":33,"column":4},"end":{"line":33,"column":67}},"15":{"start":{"line":34,"column":4},"end":{"line":34,"column":16}},"16":{"start":{"line":38,"column":21},"end":{"line":44,"column":1}},"17":{"start":{"line":39,"column":2},"end":{"line":43,"column":3}},"18":{"start":{"line":40,"column":4},"end":{"line":40,"column":43}},"19":{"start":{"line":42,"column":4},"end":{"line":42,"column":68}},"20":{"start":{"line":46,"column":28},"end":{"line":63,"column":1}},"21":{"start":{"line":47,"column":2},"end":{"line":62,"column":3}},"22":{"start":{"line":49,"column":37},"end":{"line":52,"column":5}},"23":{"start":{"line":54,"column":4},"end":{"line":54,"column":66}},"24":{"start":{"line":55,"column":4},"end":{"line":55,"column":38}},"25":{"start":{"line":57,"column":4},"end":{"line":57,"column":44}},"26":{"start":{"line":58,"column":4},"end":{"line":58,"column":42}},"27":{"start":{"line":60,"column":4},"end":{"line":60,"column":52}},"28":{"start":{"line":61,"column":4},"end":{"line":61,"column":16}},"29":{"start":{"line":65,"column":27},"end":{"line":73,"column":1}},"30":{"start":{"line":66,"column":2},"end":{"line":72,"column":3}},"31":{"start":{"line":67,"column":21},"end":{"line":67,"column":46}},"32":{"start":{"line":68,"column":4},"end":{"line":68,"column":50}},"33":{"start":{"line":70,"column":4},"end":{"line":70,"column":53}},"34":{"start":{"line":71,"column":4},"end":{"line":71,"column":16}},"35":{"start":{"line":75,"column":31},"end":{"line":83,"column":1}},"36":{"start":{"line":76,"column":2},"end":{"line":82,"column":3}},"37":{"start":{"line":77,"column":23},"end":{"line":77,"column":48}},"38":{"start":{"line":78,"column":4},"end":{"line":78,"column":33}},"39":{"start":{"line":80,"column":4},"end":{"line":80,"column":56}},"40":{"start":{"line":81,"column":4},"end":{"line":81,"column":17}},"41":{"start":{"line":85,"column":27},"end":{"line":104,"column":1}},"42":{"start":{"line":86,"column":2},"end":{"line":103,"column":3}},"43":{"start":{"line":87,"column":25},"end":{"line":87,"column":59}},"44":{"start":{"line":88,"column":4},"end":{"line":90,"column":5}},"45":{"start":{"line":89,"column":6},"end":{"line":89,"column":19}},"46":{"start":{"line":91,"column":24},"end":{"line":91,"column":50}},"47":{"start":{"line":92,"column":16},"end":{"line":92,"column":26}},"48":{"start":{"line":93,"column":4},"end":{"line":95,"column":5}},"49":{"start":{"line":94,"column":6},"end":{"line":94,"column":18}},"50":{"start":{"line":97,"column":4},"end":{"line":97,"column":42}},"51":{"start":{"line":98,"column":4},"end":{"line":98,"column":44}},"52":{"start":{"line":99,"column":4},"end":{"line":99,"column":17}},"53":{"start":{"line":101,"column":4},"end":{"line":101,"column":59}},"54":{"start":{"line":102,"column":4},"end":{"line":102,"column":17}},"55":{"start":{"line":106,"column":39},"end":{"line":119,"column":1}},"56":{"start":{"line":107,"column":2},"end":{"line":118,"column":3}},"57":{"start":{"line":108,"column":25},"end":{"line":108,"column":59}},"58":{"start":{"line":109,"column":4},"end":{"line":111,"column":5}},"59":{"start":{"line":110,"column":6},"end":{"line":110,"column":15}},"60":{"start":{"line":112,"column":24},"end":{"line":112,"column":50}},"61":{"start":{"line":113,"column":16},"end":{"line":113,"column":26}},"62":{"start":{"line":114,"column":4},"end":{"line":114,"column":42}},"63":{"start":{"line":116,"column":4},"end":{"line":116,"column":56}},"64":{"start":{"line":117,"column":4},"end":{"line":117,"column":13}},"65":{"start":{"line":121,"column":32},"end":{"line":137,"column":1}},"66":{"start":{"line":122,"column":2},"end":{"line":136,"column":3}},"67":{"start":{"line":123,"column":24},"end":{"line":123,"column":60}},"68":{"start":{"line":124,"column":21},"end":{"line":124,"column":68}},"69":{"start":{"line":125,"column":4},"end":{"line":125,"column":62}},"70":{"start":{"line":127,"column":4},"end":{"line":130,"column":5}},"71":{"start":{"line":128,"column":27},"end":{"line":128,"column":59}},"72":{"start":{"line":129,"column":6},"end":{"line":129,"column":66}},"73":{"start":{"line":132,"column":4},"end":{"line":132,"column":20}},"74":{"start":{"line":134,"column":4},"end":{"line":134,"column":64}},"75":{"start":{"line":135,"column":4},"end":{"line":135,"column":13}},"76":{"start":{"line":139,"column":28},"end":{"line":146,"column":1}},"77":{"start":{"line":140,"column":2},"end":{"line":145,"column":3}},"78":{"start":{"line":141,"column":4},"end":{"line":141,"column":44}},"79":{"start":{"line":142,"column":4},"end":{"line":142,"column":42}},"80":{"start":{"line":144,"column":4},"end":{"line":144,"column":61}},"81":{"start":{"line":154,"column":21},"end":{"line":201,"column":1}},"82":{"start":{"line":155,"column":2},"end":{"line":200,"column":3}},"83":{"start":{"line":157,"column":22},"end":{"line":157,"column":41}},"84":{"start":{"line":158,"column":4},"end":{"line":165,"column":5}},"85":{"start":{"line":159,"column":28},"end":{"line":159,"column":59}},"86":{"start":{"line":160,"column":22},"end":{"line":160,"column":54}},"87":{"start":{"line":161,"column":6},"end":{"line":164,"column":8}},"88":{"start":{"line":167,"column":21},"end":{"line":167,"column":40}},"89":{"start":{"line":169,"column":28},"end":{"line":169,"column":54}},"90":{"start":{"line":170,"column":4},"end":{"line":175,"column":5}},"91":{"start":{"line":172,"column":6},"end":{"line":172,"column":34}},"92":{"start":{"line":173,"column":6},"end":{"line":173,"column":40}},"93":{"start":{"line":174,"column":6},"end":{"line":174,"column":31}},"94":{"start":{"line":178,"column":21},"end":{"line":178,"column":52}},"95":{"start":{"line":179,"column":30},"end":{"line":179,"column":60}},"96":{"start":{"line":181,"column":4},"end":{"line":187,"column":5}},"97":{"start":{"line":182,"column":6},"end":{"line":186,"column":8}},"98":{"start":{"line":189,"column":4},"end":{"line":193,"column":6}},"99":{"start":{"line":195,"column":4},"end":{"line":195,"column":48}},"100":{"start":{"line":196,"column":4},"end":{"line":199,"column":6}},"101":{"start":{"line":203,"column":22},"end":{"line":212,"column":1}},"102":{"start":{"line":204,"column":2},"end":{"line":211,"column":3}},"103":{"start":{"line":205,"column":4},"end":{"line":205,"column":39}},"104":{"start":{"line":209,"column":4},"end":{"line":209,"column":49}},"105":{"start":{"line":210,"column":4},"end":{"line":210,"column":16}},"106":{"start":{"line":214,"column":28},"end":{"line":224,"column":1}},"107":{"start":{"line":215,"column":2},"end":{"line":223,"column":3}},"108":{"start":{"line":216,"column":4},"end":{"line":216,"column":33}},"109":{"start":{"line":217,"column":4},"end":{"line":217,"column":33}},"110":{"start":{"line":218,"column":4},"end":{"line":218,"column":44}},"111":{"start":{"line":219,"column":4},"end":{"line":219,"column":42}},"112":{"start":{"line":221,"column":4},"end":{"line":221,"column":53}},"113":{"start":{"line":222,"column":4},"end":{"line":222,"column":16}},"114":{"start":{"line":227,"column":36},"end":{"line":239,"column":1}},"115":{"start":{"line":228,"column":2},"end":{"line":238,"column":3}},"116":{"start":{"line":229,"column":23},"end":{"line":229,"column":67}},"117":{"start":{"line":230,"column":4},"end":{"line":232,"column":5}},"118":{"start":{"line":231,"column":6},"end":{"line":231,"column":19}},"119":{"start":{"line":233,"column":21},"end":{"line":233,"column":64}},"120":{"start":{"line":234,"column":4},"end":{"line":234,"column":20}},"121":{"start":{"line":236,"column":4},"end":{"line":236,"column":67}},"122":{"start":{"line":237,"column":4},"end":{"line":237,"column":17}},"123":{"start":{"line":241,"column":41},"end":{"line":268,"column":1}},"124":{"start":{"line":242,"column":2},"end":{"line":267,"column":3}},"125":{"start":{"line":243,"column":22},"end":{"line":243,"column":50}},"126":{"start":{"line":244,"column":4},"end":{"line":246,"column":5}},"127":{"start":{"line":245,"column":6},"end":{"line":245,"column":19}},"128":{"start":{"line":248,"column":19},"end":{"line":252,"column":6}},"129":{"start":{"line":254,"column":4},"end":{"line":261,"column":5}},"130":{"start":{"line":256,"column":23},"end":{"line":256,"column":42}},"131":{"start":{"line":257,"column":6},"end":{"line":260,"column":7}},"132":{"start":{"line":258,"column":8},"end":{"line":258,"column":42}},"133":{"start":{"line":259,"column":8},"end":{"line":259,"column":20}},"134":{"start":{"line":263,"column":4},"end":{"line":263,"column":17}},"135":{"start":{"line":265,"column":4},"end":{"line":265,"column":67}},"136":{"start":{"line":266,"column":4},"end":{"line":266,"column":17}}},"fnMap":{"0":{"name":"(anonymous_0)","decl":{"start":{"line":20,"column":18},"end":{"line":20,"column":19}},"loc":{"start":{"line":20,"column":71},"end":{"line":27,"column":1}},"line":20},"1":{"name":"(anonymous_1)","decl":{"start":{"line":29,"column":18},"end":{"line":29,"column":19}},"loc":{"start":{"line":29,"column":65},"end":{"line":36,"column":1}},"line":29},"2":{"name":"(anonymous_2)","decl":{"start":{"line":38,"column":21},"end":{"line":38,"column":22}},"loc":{"start":{"line":38,"column":59},"end":{"line":44,"column":1}},"line":38},"3":{"name":"(anonymous_3)","decl":{"start":{"line":46,"column":28},"end":{"line":46,"column":29}},"loc":{"start":{"line":46,"column":69},"end":{"line":63,"column":1}},"line":46},"4":{"name":"(anonymous_4)","decl":{"start":{"line":65,"column":27},"end":{"line":65,"column":28}},"loc":{"start":{"line":65,"column":61},"end":{"line":73,"column":1}},"line":65},"5":{"name":"(anonymous_5)","decl":{"start":{"line":75,"column":31},"end":{"line":75,"column":32}},"loc":{"start":{"line":75,"column":61},"end":{"line":83,"column":1}},"line":75},"6":{"name":"(anonymous_6)","decl":{"start":{"line":85,"column":27},"end":{"line":85,"column":28}},"loc":{"start":{"line":85,"column":57},"end":{"line":104,"column":1}},"line":85},"7":{"name":"(anonymous_7)","decl":{"start":{"line":106,"column":39},"end":{"line":106,"column":40}},"loc":{"start":{"line":106,"column":68},"end":{"line":119,"column":1}},"line":106},"8":{"name":"(anonymous_8)","decl":{"start":{"line":121,"column":32},"end":{"line":121,"column":33}},"loc":{"start":{"line":121,"column":61},"end":{"line":137,"column":1}},"line":121},"9":{"name":"(anonymous_9)","decl":{"start":{"line":139,"column":28},"end":{"line":139,"column":29}},"loc":{"start":{"line":139,"column":55},"end":{"line":146,"column":1}},"line":139},"10":{"name":"(anonymous_10)","decl":{"start":{"line":154,"column":21},"end":{"line":154,"column":22}},"loc":{"start":{"line":154,"column":86},"end":{"line":201,"column":1}},"line":154},"11":{"name":"(anonymous_11)","decl":{"start":{"line":203,"column":22},"end":{"line":203,"column":23}},"loc":{"start":{"line":203,"column":49},"end":{"line":212,"column":1}},"line":203},"12":{"name":"(anonymous_12)","decl":{"start":{"line":214,"column":28},"end":{"line":214,"column":29}},"loc":{"start":{"line":214,"column":55},"end":{"line":224,"column":1}},"line":214},"13":{"name":"(anonymous_13)","decl":{"start":{"line":227,"column":36},"end":{"line":227,"column":37}},"loc":{"start":{"line":227,"column":66},"end":{"line":239,"column":1}},"line":227},"14":{"name":"(anonymous_14)","decl":{"start":{"line":241,"column":41},"end":{"line":241,"column":42}},"loc":{"start":{"line":241,"column":71},"end":{"line":268,"column":1}},"line":241}},"branchMap":{"0":{"loc":{"start":{"line":68,"column":11},"end":{"line":68,"column":49}},"type":"cond-expr","locations":[{"start":{"line":68,"column":22},"end":{"line":68,"column":42}},{"start":{"line":68,"column":45},"end":{"line":68,"column":49}}],"line":68},"1":{"loc":{"start":{"line":88,"column":4},"end":{"line":90,"column":5}},"type":"if","locations":[{"start":{"line":88,"column":4},"end":{"line":90,"column":5}},{"start":{},"end":{}}],"line":88},"2":{"loc":{"start":{"line":93,"column":4},"end":{"line":95,"column":5}},"type":"if","locations":[{"start":{"line":93,"column":4},"end":{"line":95,"column":5}},{"start":{},"end":{}}],"line":93},"3":{"loc":{"start":{"line":109,"column":4},"end":{"line":111,"column":5}},"type":"if","locations":[{"start":{"line":109,"column":4},"end":{"line":111,"column":5}},{"start":{},"end":{}}],"line":109},"4":{"loc":{"start":{"line":124,"column":21},"end":{"line":124,"column":68}},"type":"cond-expr","locations":[{"start":{"line":124,"column":35},"end":{"line":124,"column":64}},{"start":{"line":124,"column":67},"end":{"line":124,"column":68}}],"line":124},"5":{"loc":{"start":{"line":127,"column":4},"end":{"line":130,"column":5}},"type":"if","locations":[{"start":{"line":127,"column":4},"end":{"line":130,"column":5}},{"start":{},"end":{}}],"line":127},"6":{"loc":{"start":{"line":158,"column":4},"end":{"line":165,"column":5}},"type":"if","locations":[{"start":{"line":158,"column":4},"end":{"line":165,"column":5}},{"start":{},"end":{}}],"line":158},"7":{"loc":{"start":{"line":170,"column":4},"end":{"line":175,"column":5}},"type":"if","locations":[{"start":{"line":170,"column":4},"end":{"line":175,"column":5}},{"start":{},"end":{}}],"line":170},"8":{"loc":{"start":{"line":170,"column":8},"end":{"line":170,"column":88}},"type":"binary-expr","locations":[{"start":{"line":170,"column":8},"end":{"line":170,"column":16}},{"start":{"line":170,"column":20},"end":{"line":170,"column":54}},{"start":{"line":170,"column":58},"end":{"line":170,"column":88}}],"line":170},"9":{"loc":{"start":{"line":181,"column":4},"end":{"line":187,"column":5}},"type":"if","locations":[{"start":{"line":181,"column":4},"end":{"line":187,"column":5}},{"start":{},"end":{}}],"line":181},"10":{"loc":{"start":{"line":230,"column":4},"end":{"line":232,"column":5}},"type":"if","locations":[{"start":{"line":230,"column":4},"end":{"line":232,"column":5}},{"start":{},"end":{}}],"line":230},"11":{"loc":{"start":{"line":244,"column":4},"end":{"line":246,"column":5}},"type":"if","locations":[{"start":{"line":244,"column":4},"end":{"line":246,"column":5}},{"start":{},"end":{}}],"line":244},"12":{"loc":{"start":{"line":254,"column":4},"end":{"line":261,"column":5}},"type":"if","locations":[{"start":{"line":254,"column":4},"end":{"line":261,"column":5}},{"start":{},"end":{}}],"line":254},"13":{"loc":{"start":{"line":257,"column":6},"end":{"line":260,"column":7}},"type":"if","locations":[{"start":{"line":257,"column":6},"end":{"line":260,"column":7}},{"start":{},"end":{}}],"line":257}},"s":{"0":1,"1":1,"2":1,"3":1,"4":1,"5":1,"6":1,"7":18,"8":18,"9":0,"10":0,"11":1,"12":36,"13":36,"14":0,"15":0,"16":1,"17":12,"18":12,"19":0,"20":1,"21":3,"22":3,"23":3,"24":3,"25":3,"26":3,"27":0,"28":0,"29":1,"30":11,"31":11,"32":11,"33":0,"34":0,"35":1,"36":2,"37":2,"38":2,"39":0,"40":0,"41":1,"42":13,"43":13,"44":13,"45":10,"46":3,"47":3,"48":3,"49":2,"50":1,"51":1,"52":1,"53":0,"54":0,"55":1,"56":3,"57":3,"58":3,"59":1,"60":2,"61":2,"62":2,"63":0,"64":0,"65":1,"66":7,"67":7,"68":7,"69":7,"70":7,"71":2,"72":2,"73":7,"74":0,"75":0,"76":1,"77":2,"78":2,"79":2,"80":0,"81":1,"82":10,"83":10,"84":10,"85":1,"86":1,"87":1,"88":9,"89":9,"90":9,"91":2,"92":2,"93":2,"94":7,"95":7,"96":7,"97":2,"98":5,"99":0,"100":0,"101":1,"102":1,"103":1,"104":0,"105":0,"106":1,"107":0,"108":0,"109":0,"110":0,"111":0,"112":0,"113":0,"114":1,"115":0,"116":0,"117":0,"118":0,"119":0,"120":0,"121":0,"122":0,"123":1,"124":0,"125":0,"126":0,"127":0,"128":0,"129":0,"130":0,"131":0,"132":0,"133":0,"134":0,"135":0,"136":0},"f":{"0":18,"1":36,"2":12,"3":3,"4":11,"5":2,"6":13,"7":3,"8":7,"9":2,"10":10,"11":1,"12":0,"13":0,"14":0},"b":{"0":[10,1],"1":[10,3],"2":[2,1],"3":[1,2],"4":[6,1],"5":[2,5],"6":[1,9],"7":[2,7],"8":[9,9,2],"9":[2,5],"10":[0,0],"11":[0,0],"12":[0,0],"13":[0,0]},"_coverageSchema":"1a1c01bbd47fc00a2c39e90264f33305004495a9","hash":"ec9d6007e1c287491cb0c1de707adfa363be8061"}
}
