TN:
SF:contexts/AuthContext.tsx
FN:27,AuthProvider
FN:32,(anonymous_1)
FN:36,(anonymous_2)
FN:56,(anonymous_3)
FN:74,(anonymous_4)
FN:89,(anonymous_5)
FN:93,(anonymous_6)
FN:103,(anonymous_7)
FN:126,useAuth
FNF:9
FNH:0
FNDA:0,AuthProvider
FNDA:0,(anonymous_1)
FNDA:0,(anonymous_2)
FNDA:0,(anonymous_3)
FNDA:0,(anonymous_4)
FNDA:0,(anonymous_5)
FNDA:0,(anonymous_6)
FNDA:0,(anonymous_7)
FNDA:0,useAuth
DA:25,0
DA:28,0
DA:29,0
DA:30,0
DA:32,0
DA:33,0
DA:36,0
DA:37,0
DA:38,0
DA:39,0
DA:40,0
DA:41,0
DA:42,0
DA:44,0
DA:45,0
DA:48,0
DA:49,0
DA:50,0
DA:52,0
DA:56,0
DA:57,0
DA:58,0
DA:59,0
DA:60,0
DA:61,0
DA:62,0
DA:64,0
DA:66,0
DA:67,0
DA:74,0
DA:75,0
DA:76,0
DA:77,0
DA:78,0
DA:79,0
DA:80,0
DA:82,0
DA:84,0
DA:85,0
DA:89,0
DA:90,0
DA:93,0
DA:94,0
DA:95,0
DA:96,0
DA:97,0
DA:99,0
DA:103,0
DA:104,0
DA:105,0
DA:108,0
DA:127,0
DA:128,0
DA:129,0
DA:131,0
LF:55
LH:0
BRDA:39,0,0,0
BRDA:39,0,1,0
BRDA:59,1,0,0
BRDA:59,1,1,0
BRDA:77,2,0,0
BRDA:77,2,1,0
BRDA:128,3,0,0
BRDA:128,3,1,0
BRF:8
BRH:0
end_of_record
TN:
SF:utils/auth.ts
FN:20,(anonymous_0)
FN:29,(anonymous_1)
FN:38,(anonymous_2)
FN:46,(anonymous_3)
FN:65,(anonymous_4)
FN:75,(anonymous_5)
FN:85,(anonymous_6)
FN:106,(anonymous_7)
FN:121,(anonymous_8)
FN:139,(anonymous_9)
FN:154,(anonymous_10)
FN:203,(anonymous_11)
FN:214,(anonymous_12)
FN:227,(anonymous_13)
FN:241,(anonymous_14)
FNF:15
FNH:12
FNDA:18,(anonymous_0)
FNDA:36,(anonymous_1)
FNDA:12,(anonymous_2)
FNDA:3,(anonymous_3)
FNDA:11,(anonymous_4)
FNDA:2,(anonymous_5)
FNDA:13,(anonymous_6)
FNDA:3,(anonymous_7)
FNDA:7,(anonymous_8)
FNDA:2,(anonymous_9)
FNDA:10,(anonymous_10)
FNDA:1,(anonymous_11)
FNDA:0,(anonymous_12)
FNDA:0,(anonymous_13)
FNDA:0,(anonymous_14)
DA:12,1
DA:13,1
DA:14,1
DA:15,1
DA:16,1
DA:17,1
DA:20,1
DA:21,18
DA:22,18
DA:24,0
DA:25,0
DA:29,1
DA:30,36
DA:31,36
DA:33,0
DA:34,0
DA:38,1
DA:39,12
DA:40,12
DA:42,0
DA:46,1
DA:47,3
DA:49,3
DA:54,3
DA:55,3
DA:57,3
DA:58,3
DA:60,0
DA:61,0
DA:65,1
DA:66,11
DA:67,11
DA:68,11
DA:70,0
DA:71,0
DA:75,1
DA:76,2
DA:77,2
DA:78,2
DA:80,0
DA:81,0
DA:85,1
DA:86,13
DA:87,13
DA:88,13
DA:89,10
DA:91,3
DA:92,3
DA:93,3
DA:94,2
DA:97,1
DA:98,1
DA:99,1
DA:101,0
DA:102,0
DA:106,1
DA:107,3
DA:108,3
DA:109,3
DA:110,1
DA:112,2
DA:113,2
DA:114,2
DA:116,0
DA:117,0
DA:121,1
DA:122,7
DA:123,7
DA:124,7
DA:125,7
DA:127,7
DA:128,2
DA:129,2
DA:132,7
DA:134,0
DA:135,0
DA:139,1
DA:140,2
DA:141,2
DA:142,2
DA:144,0
DA:154,1
DA:155,10
DA:157,10
DA:158,10
DA:159,1
DA:160,1
DA:161,1
DA:167,9
DA:169,9
DA:170,9
DA:172,2
DA:173,2
DA:174,2
DA:178,7
DA:179,7
DA:181,7
DA:182,2
DA:189,5
DA:195,0
DA:196,0
DA:203,1
DA:204,1
DA:205,1
DA:209,0
DA:210,0
DA:214,1
DA:215,0
DA:216,0
DA:217,0
DA:218,0
DA:219,0
DA:221,0
DA:222,0
DA:227,1
DA:228,0
DA:229,0
DA:230,0
DA:231,0
DA:233,0
DA:234,0
DA:236,0
DA:237,0
DA:241,1
DA:242,0
DA:243,0
DA:244,0
DA:245,0
DA:248,0
DA:254,0
DA:256,0
DA:257,0
DA:258,0
DA:259,0
DA:263,0
DA:265,0
DA:266,0
LF:137
LH:87
BRDA:68,0,0,10
BRDA:68,0,1,1
BRDA:88,1,0,10
BRDA:88,1,1,3
BRDA:93,2,0,2
BRDA:93,2,1,1
BRDA:109,3,0,1
BRDA:109,3,1,2
BRDA:124,4,0,6
BRDA:124,4,1,1
BRDA:127,5,0,2
BRDA:127,5,1,5
BRDA:158,6,0,1
BRDA:158,6,1,9
BRDA:170,7,0,2
BRDA:170,7,1,7
BRDA:170,8,0,9
BRDA:170,8,1,9
BRDA:170,8,2,2
BRDA:181,9,0,2
BRDA:181,9,1,5
BRDA:230,10,0,0
BRDA:230,10,1,0
BRDA:244,11,0,0
BRDA:244,11,1,0
BRDA:254,12,0,0
BRDA:254,12,1,0
BRDA:257,13,0,0
BRDA:257,13,1,0
BRF:29
BRH:21
end_of_record
